# JRE version: Java(TM) SE Runtime Environment (17.0.17+8) (build 17.0.17+8-LTS-360)
# Java VM: Java HotSpot(TM) 64-Bit Server VM (17.0.17+8-LTS-360, mixed mode, sharing, tiered, compressed oops, compressed class ptrs, g1 gc, windows-amd64)
GC Precious Log:
 CPUs: 16 total, 16 available
 Memory: 16315M
 Large Page Support: Disabled
 NUMA Support: Disabled
 Compressed Oops: Enabled (32-bit)
 Heap Region Size: 1M
 Heap Min Capacity: 256M
 Heap Initial Capacity: 256M
 Heap Max Capacity: 512M
 Pre-touch: Disabled
 Parallel Workers: 13
 Concurrent Workers: 3
 Concurrent Refinement Workers: 13
 Periodic GC: Disabled
Heap:
 garbage-first heap   total 262144K, used 167025K [0x00000000e0000000, 0x0000000100000000)
  region size 1024K, 61 young (62464K), 7 survivors (7168K)
 Metaspace       used 88717K, committed 89472K, reserved 458752K
  class space    used 11800K, committed 12160K, reserved 327680K
GC Heap History (20 events):
Event: 36.958 GC heap before
{Heap before GC invocations=43 (full 0):
 garbage-first heap   total 262144K, used 220852K [0x00000000e0000000, 0x0000000100000000)
  region size 1024K, 99 young (101376K), 7 survivors (7168K)
 Metaspace       used 83695K, committed 84928K, reserved 458752K
  class space    used 11261K, committed 11712K, reserved 327680K
}
Event: 36.963 GC heap after
{Heap after GC invocations=44 (full 0):
 garbage-first heap   total 262144K, used 129098K [0x00000000e0000000, 0x0000000100000000)
  region size 1024K, 8 young (8192K), 8 survivors (8192K)
 Metaspace       used 83695K, committed 84928K, reserved 458752K
  class space    used 11261K, committed 11712K, reserved 327680K
}
Event: 36.984 GC heap before
{Heap before GC invocations=44 (full 0):
 garbage-first heap   total 262144K, used 133194K [0x00000000e0000000, 0x0000000100000000)
  region size 1024K, 12 young (12288K), 8 survivors (8192K)
 Metaspace       used 83695K, committed 84928K, reserved 458752K
  class space    used 11261K, committed 11712K, reserved 327680K
}
Event: 36.990 GC heap after
{Heap after GC invocations=45 (full 0):
 garbage-first heap   total 262144K, used 122367K [0x00000000e0000000, 0x0000000100000000)
  region size 1024K, 2 young (2048K), 2 survivors (2048K)
 Metaspace       used 83695K, committed 84928K, reserved 458752K
  class space    used 11261K, committed 11712K, reserved 327680K
}
Event: 37.463 GC heap before
{Heap before GC invocations=45 (full 0):
 garbage-first heap   total 262144K, used 223743K [0x00000000e0000000, 0x0000000100000000)
  region size 1024K, 101 young (103424K), 2 survivors (2048K)
 Metaspace       used 83695K, committed 84928K, reserved 458752K
  class space    used 11261K, committed 11712K, reserved 327680K
}
Event: 37.465 GC heap after
{Heap after GC invocations=46 (full 0):
 garbage-first heap   total 262144K, used 122049K [0x00000000e0000000, 0x0000000100000000)
  region size 1024K, 1 young (1024K), 1 survivors (1024K)
 Metaspace       used 83695K, committed 84928K, reserved 458752K
  class space    used 11261K, committed 11712K, reserved 327680K
}
Event: 37.934 GC heap before
{Heap before GC invocations=47 (full 0):
 garbage-first heap   total 262144K, used 221377K [0x00000000e0000000, 0x0000000100000000)
  region size 1024K, 102 young (104448K), 1 survivors (1024K)
 Metaspace       used 83695K, committed 84928K, reserved 458752K
  class space    used 11261K, committed 11712K, reserved 327680K
}
Event: 37.938 GC heap after
{Heap after GC invocations=48 (full 0):
 garbage-first heap   total 262144K, used 124590K [0x00000000e0000000, 0x0000000100000000)
  region size 1024K, 7 young (7168K), 7 survivors (7168K)
 Metaspace       used 83695K, committed 84928K, reserved 458752K
  class space    used 11261K, committed 11712K, reserved 327680K
}
Event: 37.985 GC heap before
{Heap before GC invocations=48 (full 0):
 garbage-first heap   total 262144K, used 129710K [0x00000000e0000000, 0x0000000100000000)
  region size 1024K, 12 young (12288K), 7 survivors (7168K)
 Metaspace       used 83700K, committed 84928K, reserved 458752K
  class space    used 11261K, committed 11712K, reserved 327680K
}
Event: 37.990 GC heap after
{Heap after GC invocations=49 (full 0):
 garbage-first heap   total 262144K, used 100786K [0x00000000e0000000, 0x0000000100000000)
  region size 1024K, 1 young (1024K), 1 survivors (1024K)
 Metaspace       used 83700K, committed 84928K, reserved 458752K
  class space    used 11261K, committed 11712K, reserved 327680K
}
Event: 135.070 GC heap before
{Heap before GC invocations=49 (full 0):
 garbage-first heap   total 262144K, used 222642K [0x00000000e0000000, 0x0000000100000000)
  region size 1024K, 120 young (122880K), 1 survivors (1024K)
 Metaspace       used 86438K, committed 87104K, reserved 458752K
  class space    used 11636K, committed 11968K, reserved 327680K
}
Event: 135.073 GC heap after
{Heap after GC invocations=50 (full 0):
 garbage-first heap   total 262144K, used 102390K [0x00000000e0000000, 0x0000000100000000)
  region size 1024K, 3 young (3072K), 3 survivors (3072K)
 Metaspace       used 86438K, committed 87104K, reserved 458752K
  class space    used 11636K, committed 11968K, reserved 327680K
}
Event: 136.574 GC heap before
{Heap before GC invocations=50 (full 0):
 garbage-first heap   total 262144K, used 222198K [0x00000000e0000000, 0x0000000100000000)
  region size 1024K, 121 young (123904K), 3 survivors (3072K)
 Metaspace       used 87266K, committed 87936K, reserved 458752K
  class space    used 11683K, committed 11968K, reserved 327680K
}
Event: 136.579 GC heap after
{Heap after GC invocations=51 (full 0):
 garbage-first heap   total 262144K, used 106796K [0x00000000e0000000, 0x0000000100000000)
  region size 1024K, 7 young (7168K), 7 survivors (7168K)
 Metaspace       used 87266K, committed 87936K, reserved 458752K
  class space    used 11683K, committed 11968K, reserved 327680K
}
Event: 137.832 GC heap before
{Heap before GC invocations=51 (full 0):
 garbage-first heap   total 262144K, used 179500K [0x00000000e0000000, 0x0000000100000000)
  region size 1024K, 63 young (64512K), 7 survivors (7168K)
 Metaspace       used 87454K, committed 88128K, reserved 458752K
  class space    used 11708K, committed 12032K, reserved 327680K
}
Event: 137.836 GC heap after
{Heap after GC invocations=52 (full 0):
 garbage-first heap   total 262144K, used 107800K [0x00000000e0000000, 0x0000000100000000)
  region size 1024K, 8 young (8192K), 8 survivors (8192K)
 Metaspace       used 87454K, committed 88128K, reserved 458752K
  class space    used 11708K, committed 12032K, reserved 327680K
}
Event: 198.262 GC heap before
{Heap before GC invocations=52 (full 0):
 garbage-first heap   total 262144K, used 223512K [0x00000000e0000000, 0x0000000100000000)
  region size 1024K, 120 young (122880K), 8 survivors (8192K)
 Metaspace       used 88030K, committed 88704K, reserved 458752K
  class space    used 11734K, committed 12032K, reserved 327680K
}
Event: 198.267 GC heap after
{Heap after GC invocations=53 (full 0):
 garbage-first heap   total 262144K, used 109290K [0x00000000e0000000, 0x0000000100000000)
  region size 1024K, 10 young (10240K), 10 survivors (10240K)
 Metaspace       used 88030K, committed 88704K, reserved 458752K
  class space    used 11734K, committed 12032K, reserved 327680K
}
Event: 215.999 GC heap before
{Heap before GC invocations=53 (full 0):
 garbage-first heap   total 262144K, used 230122K [0x00000000e0000000, 0x0000000100000000)
  region size 1024K, 117 young (119808K), 10 survivors (10240K)
 Metaspace       used 88567K, committed 89280K, reserved 458752K
  class space    used 11783K, committed 12160K, reserved 327680K
}
Event: 216.005 GC heap after
{Heap after GC invocations=54 (full 0):
 garbage-first heap   total 262144K, used 107633K [0x00000000e0000000, 0x0000000100000000)
  region size 1024K, 7 young (7168K), 7 survivors (7168K)
 Metaspace       used 88567K, committed 89280K, reserved 458752K
  class space    used 11783K, committed 12160K, reserved 327680K
}

